========== XML ==========



<ENVELOPE>

<HEADER>

<TALLYREQUEST>Import Data</TALLYREQUEST>

</HEADER>

<BODY>

<IMPORTDATA>

<REQUESTDESC>

<REPORTNAME>All Masters</REPORTNAME>

<STATICVARIABLES>

<SVCURRENTCOMPANY>Webthaali</SVCURRENTCOMPANY>
<SVIMPORTMODE>Alter</SVIMPORTMODE>


</STATICVARIABLES>

</REQUESTDESC>

<REQUESTDATA>

<TALLYMESSAGE xmlns:UDF="TallyUDF">

<UNIT NAME="Box" RESERVEDNAME="">

<NAME>Box</NAME>


<ISUPDATINGTARGETID>No</ISUPDATINGTARGETID>

<ISDELETED>No</ISDELETED>

<ISSECURITYONWHENENTERED>No</ISSECURITYONWHENENTERED>

<ASORIGINAL>Yes</ASORIGINAL>

<ISGSTEXCLUDED>No</ISGSTEXCLUDED>

<ISSIMPLEUNIT>Yes</ISSIMPLEUNIT>

<REPORTINGUQCDETAILS.LIST>

<APPLICABLEFROM>20260401</APPLICABLEFROM>

<REPORTINGUQCNAME>BOX-BOX</REPORTINGUQCNAME>

</REPORTINGUQCDETAILS.LIST>

</UNIT>

</TALLYMESSAGE>

</REQUESTDATA>

</IMPORTDATA>

</BODY>

</ENVELOPE>



========== RESPONSE ==========

<RESPONSE>
 <CREATED>1</CREATED>
 <ALTERED>0</ALTERED>
 <DELETED>0</DELETED>
 <LASTVCHID>0</LASTVCHID>
 <LASTMID>0</LASTMID>
 <COMBINED>0</COMBINED>
 <IGNORED>0</IGNORED>
 <ERRORS>0</ERRORS>
 <CANCELLED>0</CANCELLED>
 <EXCEPTIONS>0</EXCEPTIONS>
</RESPONSE>


========== XML ==========



<ENVELOPE>

<HEADER>

<TALLYREQUEST>Import Data</TALLYREQUEST>

</HEADER>

<BODY>

<IMPORTDATA>

<REQUESTDESC>

<REPORTNAME>All Masters</REPORTNAME>

<STATICVARIABLES>

<SVCURRENTCOMPANY>Webthaali</SVCURRENTCOMPANY>
<SVIMPORTMODE>Alter</SVIMPORTMODE>


</STATICVARIABLES>

</REQUESTDESC>

<REQUESTDATA>

<TALLYMESSAGE xmlns:UDF="TallyUDF">

<UNIT NAME="Carton" RESERVEDNAME="">

<NAME>Carton</NAME>


<ISUPDATINGTARGETID>No</ISUPDATINGTARGETID>

<ISDELETED>No</ISDELETED>

<ISSECURITYONWHENENTERED>No</ISSECURITYONWHENENTERED>

<ASORIGINAL>Yes</ASORIGINAL>

<ISGSTEXCLUDED>No</ISGSTEXCLUDED>

<ISSIMPLEUNIT>Yes</ISSIMPLEUNIT>

<REPORTINGUQCDETAILS.LIST>

<APPLICABLEFROM>20260401</APPLICABLEFROM>

<REPORTINGUQCNAME>CAN-CANS</REPORTINGUQCNAME>

</REPORTINGUQCDETAILS.LIST>

</UNIT>

</TALLYMESSAGE>

</REQUESTDATA>

</IMPORTDATA>

</BODY>

</ENVELOPE>



========== RESPONSE ==========

<RESPONSE>
 <CREATED>1</CREATED>
 <ALTERED>0</ALTERED>
 <DELETED>0</DELETED>
 <LASTVCHID>0</LASTVCHID>
 <LASTMID>0</LASTMID>
 <COMBINED>0</COMBINED>
 <IGNORED>0</IGNORED>
 <ERRORS>0</ERRORS>
 <CANCELLED>0</CANCELLED>
 <EXCEPTIONS>0</EXCEPTIONS>
</RESPONSE>


========== XML ==========



<ENVELOPE>

<HEADER>

<TALLYREQUEST>Import Data</TALLYREQUEST>

</HEADER>

<BODY>

<IMPORTDATA>

<REQUESTDESC>

<REPORTNAME>All Masters</REPORTNAME>

<STATICVARIABLES>

<SVCURRENTCOMPANY>Webthaali</SVCURRENTCOMPANY>
<SVIMPORTMODE>Alter</SVIMPORTMODE>


</STATICVARIABLES>

</REQUESTDESC>

<REQUESTDATA>

<TALLYMESSAGE xmlns:UDF="TallyUDF">

<UNIT NAME="Pc" RESERVEDNAME="">

<NAME>Pc</NAME>


<ISUPDATINGTARGETID>No</ISUPDATINGTARGETID>

<ISDELETED>No</ISDELETED>

<ISSECURITYONWHENENTERED>No</ISSECURITYONWHENENTERED>

<ASORIGINAL>Yes</ASORIGINAL>

<ISGSTEXCLUDED>No</ISGSTEXCLUDED>

<ISSIMPLEUNIT>Yes</ISSIMPLEUNIT>

<REPORTINGUQCDETAILS.LIST>

<APPLICABLEFROM>20260401</APPLICABLEFROM>

<REPORTINGUQCNAME>PCS-PIECES</REPORTINGUQCNAME>

</REPORTINGUQCDETAILS.LIST>

</UNIT>

</TALLYMESSAGE>

</REQUESTDATA>

</IMPORTDATA>

</BODY>

</ENVELOPE>



========== RESPONSE ==========

<RESPONSE>
 <CREATED>1</CREATED>
 <ALTERED>0</ALTERED>
 <DELETED>0</DELETED>
 <LASTVCHID>0</LASTVCHID>
 <LASTMID>0</LASTMID>
 <COMBINED>0</COMBINED>
 <IGNORED>0</IGNORED>
 <ERRORS>0</ERRORS>
 <CANCELLED>0</CANCELLED>
 <EXCEPTIONS>0</EXCEPTIONS>
</RESPONSE>


========== XML ==========



<ENVELOPE>

<HEADER>

<TALLYREQUEST>Import Data</TALLYREQUEST>

</HEADER>

<BODY>

<IMPORTDATA>

<REQUESTDESC>

<REPORTNAME>All Masters</REPORTNAME>

<STATICVARIABLES>

<SVCURRENTCOMPANY>Webthaali</SVCURRENTCOMPANY>
<SVIMPORTMODE>Alter</SVIMPORTMODE>


</STATICVARIABLES>

</REQUESTDESC>

<REQUESTDATA>

<TALLYMESSAGE xmlns:UDF="TallyUDF">

<UNIT NAME="Pkt" RESERVEDNAME="">

<NAME>Pkt</NAME>


<ISUPDATINGTARGETID>No</ISUPDATINGTARGETID>

<ISDELETED>No</ISDELETED>

<ISSECURITYONWHENENTERED>No</ISSECURITYONWHENENTERED>

<ASORIGINAL>Yes</ASORIGINAL>

<ISGSTEXCLUDED>No</ISGSTEXCLUDED>

<ISSIMPLEUNIT>Yes</ISSIMPLEUNIT>

<REPORTINGUQCDETAILS.LIST>

<APPLICABLEFROM>20260401</APPLICABLEFROM>

<REPORTINGUQCNAME>PAC-PACKS</REPORTINGUQCNAME>

</REPORTINGUQCDETAILS.LIST>

</UNIT>

</TALLYMESSAGE>

</REQUESTDATA>

</IMPORTDATA>

</BODY>

</ENVELOPE>



========== RESPONSE ==========

<RESPONSE>
 <CREATED>1</CREATED>
 <ALTERED>0</ALTERED>
 <DELETED>0</DELETED>
 <LASTVCHID>0</LASTVCHID>
 <LASTMID>0</LASTMID>
 <COMBINED>0</COMBINED>
 <IGNORED>0</IGNORED>
 <ERRORS>0</ERRORS>
 <CANCELLED>0</CANCELLED>
 <EXCEPTIONS>0</EXCEPTIONS>
</RESPONSE>


========== XML ==========



<ENVELOPE>

<HEADER>

<TALLYREQUEST>Import Data</TALLYREQUEST>

</HEADER>

<BODY>

<IMPORTDATA>

<REQUESTDESC>

<REPORTNAME>All Masters</REPORTNAME>

<STATICVARIABLES>

<SVCURRENTCOMPANY>Webthaali</SVCURRENTCOMPANY>
<SVIMPORTMODE>Alter</SVIMPORTMODE>


</STATICVARIABLES>

</REQUESTDESC>

<REQUESTDATA>

<TALLYMESSAGE xmlns:UDF="TallyUDF">

<UNIT NAME="Set" RESERVEDNAME="">

<NAME>Set</NAME>


<ISUPDATINGTARGETID>No</ISUPDATINGTARGETID>

<ISDELETED>No</ISDELETED>

<ISSECURITYONWHENENTERED>No</ISSECURITYONWHENENTERED>

<ASORIGINAL>Yes</ASORIGINAL>

<ISGSTEXCLUDED>No</ISGSTEXCLUDED>

<ISSIMPLEUNIT>Yes</ISSIMPLEUNIT>

<REPORTINGUQCDETAILS.LIST>

<APPLICABLEFROM>20260401</APPLICABLEFROM>

<REPORTINGUQCNAME>SET-SETS</REPORTINGUQCNAME>

</REPORTINGUQCDETAILS.LIST>

</UNIT>

</TALLYMESSAGE>

</REQUESTDATA>

</IMPORTDATA>

</BODY>

</ENVELOPE>



========== RESPONSE ==========

<RESPONSE>
 <CREATED>1</CREATED>
 <ALTERED>0</ALTERED>
 <DELETED>0</DELETED>
 <LASTVCHID>0</LASTVCHID>
 <LASTMID>0</LASTMID>
 <COMBINED>0</COMBINED>
 <IGNORED>0</IGNORED>
 <ERRORS>0</ERRORS>
 <CANCELLED>0</CANCELLED>
 <EXCEPTIONS>0</EXCEPTIONS>
</RESPONSE>


