========== XML ==========




<ENVELOPE>

  <HEADER>
    <TALLYREQUEST>Import Data</TALLYREQUEST>
  </HEADER>

  <BODY>

    <IMPORTDATA>

      <REQUESTDESC>

        <REPORTNAME>All Masters</REPORTNAME>

        <STATICVARIABLES>
          <SVCURRENTCOMPANY>Webthaali</SVCURRENTCOMPANY>
        </STATICVARIABLES>

      </REQUESTDESC>

      <REQUESTDATA>

        <TALLYMESSAGE xmlns:UDF="TallyUDF">

          <LEDGER NAME="Raja book depot" ACTION="Create">

            <NAME>Raja book depot</NAME>

            <PARENT>Sundry Debtors</PARENT>

            <OPENINGBALANCE>0.00</OPENINGBALANCE>

            <ISBILLWISEON>Yes</ISBILLWISEON>

            <BILLCREDITPERIOD>15 Days</BILLCREDITPERIOD>

<EMAIL>raja@gmail.com</EMAIL>

<LEDGERCONTACT>raja</LEDGERCONTACT>

<LEDGERMOBILE>9823292922</LEDGERMOBILE>

<LEDGERCOUNTRYISDCODE>+91</LEDGERCOUNTRYISDCODE>

            <LEDMAILINGDETAILS.LIST>

  <ADDRESS.LIST TYPE="String">
    <ADDRESS>1323, sect 52, near ravi hotel</ADDRESS>
  </ADDRESS.LIST>

  <APPLICABLEFROM>20260401</APPLICABLEFROM>

  <MAILINGNAME>Raja book depot</MAILINGNAME>

  <STATE>Delhi</STATE>

<COUNTRY>India</COUNTRY>

<PINCODE>110016</PINCODE>

</LEDMAILINGDETAILS.LIST>

<LEDGSTREGDETAILS.LIST>

  <APPLICABLEFROM>20260401</APPLICABLEFROM>

  <GSTREGISTRATIONTYPE>
    Regular
  </GSTREGISTRATIONTYPE>

  <PLACEOFSUPPLY>Delhi</PLACEOFSUPPLY>

  <GSTIN>06BASDS0000S0SD</GSTIN>

</LEDGSTREGDETAILS.LIST>

<CONTACTDETAILS.LIST>

  <NAME>raja</NAME>

  <PHONENUMBER>9823292922</PHONENUMBER>

  <COUNTRYISDCODE>+91</COUNTRYISDCODE>

  <ISDEFAULTWHATSAPPNUM>Yes</ISDEFAULTWHATSAPPNUM>

</CONTACTDETAILS.LIST>

</LEDGER>

        </TALLYMESSAGE>

      </REQUESTDATA>

    </IMPORTDATA>

  </BODY>

</ENVELOPE>



