========== XML ==========



<ENVELOPE>

  <HEADER>
    <TALLYREQUEST>Import Data</TALLYREQUEST>
  </HEADER>

  <BODY>

    <IMPORTDATA>

      <REQUESTDESC>

        <REPORTNAME>All Masters</REPORTNAME>

        <STATICVARIABLES>

          <SVCURRENTCOMPANY>Webthaali</SVCURRENTCOMPANY>

        </STATICVARIABLES>

      </REQUESTDESC>

      <REQUESTDATA>

        <TALLYMESSAGE xmlns:UDF="TallyUDF">

          <LEDGER NAME="IGST Sale 15%" ACTION="Create">

            <NAME>IGST Sale 15%</NAME>
            <GSTTYPEOFSUPPLY>Goods</GSTTYPEOFSUPPLY>

            <PARENT>Sales Accounts</PARENT>

          </LEDGER>

        </TALLYMESSAGE>

      </REQUESTDATA>

    </IMPORTDATA>

  </BODY>

</ENVELOPE>



