========== XML ==========



<ENVELOPE>

  <HEADER>
    <TALLYREQUEST>Import Data</TALLYREQUEST>
  </HEADER>

  <BODY>

    <IMPORTDATA>

      <REQUESTDESC>

        <REPORTNAME>All Masters</REPORTNAME>

        <STATICVARIABLES>

          <SVCURRENTCOMPANY>Webthaali</SVCURRENTCOMPANY>

        </STATICVARIABLES>

      </REQUESTDESC>

      <REQUESTDATA>

        <TALLYMESSAGE xmlns:UDF="TallyUDF">

          <LEDGER NAME="SGST 9%" ACTION="Create">

            <NAME>SGST 9%</NAME>

            <PARENT>Duties &amp; Taxes</PARENT>

            <TAXTYPE>GST</TAXTYPE>

            <GSTDUTYHEAD>SGST</GSTDUTYHEAD>

            <ROUNDINGMETHOD>&#4; Not Applicable</ROUNDINGMETHOD>

          </LEDGER>

        </TALLYMESSAGE>

      </REQUESTDATA>

    </IMPORTDATA>

  </BODY>

</ENVELOPE>



